Fetching item with id: 3
Item fetched: Cambuulo ($20.00)
fetching all items from the database
User cumar requested item list from 127.0.0.1
Number of items fetched: 3
D:\Django\Udemy Django\food menu\food_menu\myapp\views.py changed, reloading.
Watching for file changes with StatReloader
D:\Django\Udemy Django\food menu\food_menu\myapp\views.py changed, reloading.
Watching for file changes with StatReloader
D:\Django\Udemy Django\food menu\food_menu\myapp\views.py changed, reloading.
Watching for file changes with StatReloader
D:\Django\Udemy Django\food menu\food_menu\myapp\views.py changed, reloading.
Watching for file changes with StatReloader
D:\Django\Udemy Django\food menu\food_menu\myapp\views.py changed, reloading.
Watching for file changes with StatReloader
D:\Django\Udemy Django\food menu\food_menu\myapp\views.py changed, reloading.
Watching for file changes with StatReloader
D:\Django\Udemy Django\food menu\food_menu\myapp\views.py changed, reloading.
Watching for file changes with StatReloader
D:\Django\Udemy Django\food menu\food_menu\myapp\views.py changed, reloading.
Watching for file changes with StatReloader
D:\Django\Udemy Django\food menu\food_menu\myapp\views.py changed, reloading.
Watching for file changes with StatReloader
D:\Django\Udemy Django\food menu\food_menu\myapp\views.py changed, reloading.
Watching for file changes with StatReloader
D:\Django\Udemy Django\food menu\food_menu\myapp\views.py changed, reloading.
Watching for file changes with StatReloader
D:\Django\Udemy Django\food menu\food_menu\myapp\views.py changed, reloading.
Watching for file changes with StatReloader
D:\Django\Udemy Django\food menu\food_menu\myapp\views.py changed, reloading.
Watching for file changes with StatReloader
D:\Django\Udemy Django\food menu\food_menu\myapp\views.py changed, reloading.
Watching for file changes with StatReloader
D:\Django\Udemy Django\food menu\food_menu\myapp\views.py changed, reloading.
Watching for file changes with StatReloader
D:\Django\Udemy Django\food menu\food_menu\myapp\views.py changed, reloading.
Watching for file changes with StatReloader
D:\Django\Udemy Django\food menu\food_menu\myapp\views.py changed, reloading.
Watching for file changes with StatReloader
D:\Django\Udemy Django\food menu\food_menu\myapp\views.py changed, reloading.
Watching for file changes with StatReloader
D:\Django\Udemy Django\food menu\food_menu\myapp\views.py changed, reloading.
Watching for file changes with StatReloader
D:\Django\Udemy Django\food menu\food_menu\myapp\views.py changed, reloading.
Watching for file changes with StatReloader
D:\Django\Udemy Django\food menu\food_menu\myapp\views.py changed, reloading.
Watching for file changes with StatReloader
fetching all items from the database
User [2026-04-23T10:43:42.789819+00:00] cumar requested item list from 127.0.0.1
Number of items fetched: 3
D:\Django\Udemy Django\food menu\food_menu\myapp\views.py changed, reloading.
Watching for file changes with StatReloader
D:\Django\Udemy Django\food menu\food_menu\myapp\views.py changed, reloading.
Watching for file changes with StatReloader
D:\Django\Udemy Django\food menu\food_menu\myapp\views.py changed, reloading.
Watching for file changes with StatReloader
fetching all items from the database
Time [2026-04-23T10:44:39.902835+00:00] User cumar requested item list from 127.0.0.1
Number of items fetched: 3
Watching for file changes with StatReloader
fetching all items from the database
Time [2026-04-25T08:06:45.983931+00:00] User cumar requested item list from 127.0.0.1
Number of items fetched: 3
Not Found: /favicon.ico
fetching all items from the database
Time [2026-04-25T08:06:49.588845+00:00] User cumar requested item list from 127.0.0.1
Number of items fetched: 3
fetching all items from the database
Time [2026-04-25T08:06:50.685659+00:00] User cumar requested item list from 127.0.0.1
Number of items fetched: 3
fetching all items from the database
Time [2026-04-25T08:11:45.095513+00:00] User cumar requested item list from 127.0.0.1
Number of items fetched: 3
fetching all items from the database
Time [2026-04-25T08:13:37.882146+00:00] User cumar requested item list from 127.0.0.1
Number of items fetched: 3
fetching all items from the database
Time [2026-04-25T08:13:38.856312+00:00] User cumar requested item list from 127.0.0.1
Number of items fetched: 3
fetching all items from the database
Time [2026-04-25T08:13:39.923155+00:00] User cumar requested item list from 127.0.0.1
Number of items fetched: 3
fetching all items from the database
Time [2026-04-25T08:13:41.802426+00:00] User cumar requested item list from 127.0.0.1
Number of items fetched: 3
Watching for file changes with StatReloader
Not Found: /
Not Found: /favicon.ico
fetching all items from the database
Time [2026-04-30T06:52:22.780436+00:00] User cumar requested item list from 127.0.0.1
Number of items fetched: 3
fetching all items from the database
Time [2026-04-30T06:54:13.209585+00:00] User cumar requested item list from 127.0.0.1
Number of items fetched: 3
fetching all items from the database
Time [2026-04-30T06:54:44.649962+00:00] User cumar requested item list from 127.0.0.1
Number of items fetched: 3
fetching all items from the database
Time [2026-04-30T06:54:46.560455+00:00] User cumar requested item list from 127.0.0.1
Number of items fetched: 3
fetching all items from the database
Time [2026-04-30T06:56:11.102033+00:00] User cumar requested item list from 127.0.0.1
Number of items fetched: 3
fetching all items from the database
Time [2026-04-30T06:56:22.565783+00:00] User cumar requested item list from 127.0.0.1
Number of items fetched: 3
fetching all items from the database
Time [2026-04-30T06:56:39.468199+00:00] User cumar requested item list from 127.0.0.1
Number of items fetched: 3
fetching all items from the database
Time [2026-04-30T07:00:57.829514+00:00] User cumar requested item list from 127.0.0.1
Number of items fetched: 3
fetching all items from the database
Time [2026-04-30T07:09:04.492017+00:00] User cumar requested item list from 127.0.0.1
Number of items fetched: 3
fetching all items from the database
Time [2026-04-30T07:09:23.512983+00:00] User cumar requested item list from 127.0.0.1
Number of items fetched: 3
fetching all items from the database
Time [2026-04-30T07:09:39.710263+00:00] User cumar requested item list from 127.0.0.1
Number of items fetched: 3
fetching all items from the database
Time [2026-04-30T07:10:27.871272+00:00] User cumar requested item list from 127.0.0.1
Number of items fetched: 3
fetching all items from the database
Time [2026-04-30T07:10:48.503927+00:00] User cumar requested item list from 127.0.0.1
Number of items fetched: 3
fetching all items from the database
Time [2026-04-30T07:11:20.196109+00:00] User cumar requested item list from 127.0.0.1
Number of items fetched: 3
fetching all items from the database
Time [2026-04-30T07:12:03.294707+00:00] User cumar requested item list from 127.0.0.1
Number of items fetched: 3
fetching all items from the database
Time [2026-04-30T07:12:15.990263+00:00] User cumar requested item list from 127.0.0.1
Number of items fetched: 3
fetching all items from the database
Time [2026-04-30T07:12:28.312203+00:00] User cumar requested item list from 127.0.0.1
Number of items fetched: 3
fetching all items from the database
Time [2026-04-30T07:13:34.129836+00:00] User cumar requested item list from 127.0.0.1
Number of items fetched: 3
Internal Server Error: /myapp/
Traceback (most recent call last):
  File "D:\Django\Udemy Django\food menu\myvenv\Lib\site-packages\django\core\handlers\exception.py", line 55, in inner
    response = get_response(request)
  File "D:\Django\Udemy Django\food menu\myvenv\Lib\site-packages\django\core\handlers\base.py", line 198, in _get_response
    response = wrapped_callback(request, *callback_args, **callback_kwargs)
  File "D:\Django\Udemy Django\food menu\food_menu\myapp\views.py", line 37, in index
    return render(request,'myapp/index.html',context)
  File "D:\Django\Udemy Django\food menu\myvenv\Lib\site-packages\django\shortcuts.py", line 25, in render
    content = loader.render_to_string(template_name, context, request, using=using)
  File "D:\Django\Udemy Django\food menu\myvenv\Lib\site-packages\django\template\loader.py", line 61, in render_to_string
    template = get_template(template_name, using=using)
  File "D:\Django\Udemy Django\food menu\myvenv\Lib\site-packages\django\template\loader.py", line 15, in get_template
    return engine.get_template(template_name)
           ~~~~~~~~~~~~~~~~~~~^^^^^^^^^^^^^^^
  File "D:\Django\Udemy Django\food menu\myvenv\Lib\site-packages\django\template\backends\django.py", line 79, in get_template
    return Template(self.engine.get_template(template_name), self)
                    ~~~~~~~~~~~~~~~~~~~~~~~~^^^^^^^^^^^^^^^
  File "D:\Django\Udemy Django\food menu\myvenv\Lib\site-packages\django\template\engine.py", line 186, in get_template
    template, origin = self.find_template(template_name)
                       ~~~~~~~~~~~~~~~~~~^^^^^^^^^^^^^^^
  File "D:\Django\Udemy Django\food menu\myvenv\Lib\site-packages\django\template\engine.py", line 159, in find_template
    template = loader.get_template(name, skip=skip)
  File "D:\Django\Udemy Django\food menu\myvenv\Lib\site-packages\django\template\loaders\cached.py", line 57, in get_template
    template = super().get_template(template_name, skip)
  File "D:\Django\Udemy Django\food menu\myvenv\Lib\site-packages\django\template\loaders\base.py", line 28, in get_template
    return Template(
        contents,
    ...<2 lines>...
        self.engine,
    )
  File "D:\Django\Udemy Django\food menu\myvenv\Lib\site-packages\django\template\base.py", line 157, in __init__
    self.nodelist = self.compile_nodelist()
                    ~~~~~~~~~~~~~~~~~~~~~^^
  File "D:\Django\Udemy Django\food menu\myvenv\Lib\site-packages\django\template\base.py", line 199, in compile_nodelist
    nodelist = parser.parse()
  File "D:\Django\Udemy Django\food menu\myvenv\Lib\site-packages\django\template\base.py", line 585, in parse
    raise self.error(token, e)
  File "D:\Django\Udemy Django\food menu\myvenv\Lib\site-packages\django\template\base.py", line 583, in parse
    compiled_result = compile_func(self, token)
  File "D:\Django\Udemy Django\food menu\myvenv\Lib\site-packages\django\template\loader_tags.py", line 307, in do_extends
    nodelist = parser.parse()
  File "D:\Django\Udemy Django\food menu\myvenv\Lib\site-packages\django\template\base.py", line 585, in parse
    raise self.error(token, e)
  File "D:\Django\Udemy Django\food menu\myvenv\Lib\site-packages\django\template\base.py", line 583, in parse
    compiled_result = compile_func(self, token)
  File "D:\Django\Udemy Django\food menu\myvenv\Lib\site-packages\django\template\loader_tags.py", line 235, in do_block
    nodelist = parser.parse(("endblock",))
  File "D:\Django\Udemy Django\food menu\myvenv\Lib\site-packages\django\template\base.py", line 585, in parse
    raise self.error(token, e)
  File "D:\Django\Udemy Django\food menu\myvenv\Lib\site-packages\django\template\base.py", line 583, in parse
    compiled_result = compile_func(self, token)
  File "D:\Django\Udemy Django\food menu\myvenv\Lib\site-packages\django\template\defaulttags.py", line 894, in do_for
    nodelist_loop = parser.parse(
        (
    ...<2 lines>...
        )
    )
  File "D:\Django\Udemy Django\food menu\myvenv\Lib\site-packages\django\template\base.py", line 556, in parse
    raise self.error(token, e)
  File "D:\Django\Udemy Django\food menu\myvenv\Lib\site-packages\django\template\base.py", line 554, in parse
    filter_expression = self.compile_filter(token.contents)
  File "D:\Django\Udemy Django\food menu\myvenv\Lib\site-packages\django\template\base.py", line 676, in compile_filter
    return FilterExpression(token, self)
  File "D:\Django\Udemy Django\food menu\myvenv\Lib\site-packages\django\template\base.py", line 776, in __init__
    raise TemplateSyntaxError(
    ...<2 lines>...
    )
django.template.exceptions.TemplateSyntaxError: Template: D:\Django\Udemy Django\food menu\food_menu\myapp\templates\myapp\index.html, Could not parse the remainder: ':' from 'items.created_at|timesince:'
fetching all items from the database
Time [2026-04-30T07:14:17.205061+00:00] User cumar requested item list from 127.0.0.1
Number of items fetched: 3
fetching all items from the database
Time [2026-04-30T07:14:47.238786+00:00] User cumar requested item list from 127.0.0.1
Number of items fetched: 3
fetching all items from the database
Time [2026-04-30T07:14:52.840457+00:00] User cumar requested item list from 127.0.0.1
Number of items fetched: 3
fetching all items from the database
Time [2026-04-30T07:15:36.144333+00:00] User cumar requested item list from 127.0.0.1
Number of items fetched: 3
Internal Server Error: /myapp/
Traceback (most recent call last):
  File "D:\Django\Udemy Django\food menu\myvenv\Lib\site-packages\django\core\handlers\exception.py", line 55, in inner
    response = get_response(request)
  File "D:\Django\Udemy Django\food menu\myvenv\Lib\site-packages\django\core\handlers\base.py", line 198, in _get_response
    response = wrapped_callback(request, *callback_args, **callback_kwargs)
  File "D:\Django\Udemy Django\food menu\food_menu\myapp\views.py", line 37, in index
    return render(request,'myapp/index.html',context)
  File "D:\Django\Udemy Django\food menu\myvenv\Lib\site-packages\django\shortcuts.py", line 25, in render
    content = loader.render_to_string(template_name, context, request, using=using)
  File "D:\Django\Udemy Django\food menu\myvenv\Lib\site-packages\django\template\loader.py", line 61, in render_to_string
    template = get_template(template_name, using=using)
  File "D:\Django\Udemy Django\food menu\myvenv\Lib\site-packages\django\template\loader.py", line 15, in get_template
    return engine.get_template(template_name)
           ~~~~~~~~~~~~~~~~~~~^^^^^^^^^^^^^^^
  File "D:\Django\Udemy Django\food menu\myvenv\Lib\site-packages\django\template\backends\django.py", line 79, in get_template
    return Template(self.engine.get_template(template_name), self)
                    ~~~~~~~~~~~~~~~~~~~~~~~~^^^^^^^^^^^^^^^
  File "D:\Django\Udemy Django\food menu\myvenv\Lib\site-packages\django\template\engine.py", line 186, in get_template
    template, origin = self.find_template(template_name)
                       ~~~~~~~~~~~~~~~~~~^^^^^^^^^^^^^^^
  File "D:\Django\Udemy Django\food menu\myvenv\Lib\site-packages\django\template\engine.py", line 159, in find_template
    template = loader.get_template(name, skip=skip)
  File "D:\Django\Udemy Django\food menu\myvenv\Lib\site-packages\django\template\loaders\cached.py", line 57, in get_template
    template = super().get_template(template_name, skip)
  File "D:\Django\Udemy Django\food menu\myvenv\Lib\site-packages\django\template\loaders\base.py", line 28, in get_template
    return Template(
        contents,
    ...<2 lines>...
        self.engine,
    )
  File "D:\Django\Udemy Django\food menu\myvenv\Lib\site-packages\django\template\base.py", line 157, in __init__
    self.nodelist = self.compile_nodelist()
                    ~~~~~~~~~~~~~~~~~~~~~^^
  File "D:\Django\Udemy Django\food menu\myvenv\Lib\site-packages\django\template\base.py", line 199, in compile_nodelist
    nodelist = parser.parse()
  File "D:\Django\Udemy Django\food menu\myvenv\Lib\site-packages\django\template\base.py", line 585, in parse
    raise self.error(token, e)
  File "D:\Django\Udemy Django\food menu\myvenv\Lib\site-packages\django\template\base.py", line 583, in parse
    compiled_result = compile_func(self, token)
  File "D:\Django\Udemy Django\food menu\myvenv\Lib\site-packages\django\template\loader_tags.py", line 307, in do_extends
    nodelist = parser.parse()
  File "D:\Django\Udemy Django\food menu\myvenv\Lib\site-packages\django\template\base.py", line 585, in parse
    raise self.error(token, e)
  File "D:\Django\Udemy Django\food menu\myvenv\Lib\site-packages\django\template\base.py", line 583, in parse
    compiled_result = compile_func(self, token)
  File "D:\Django\Udemy Django\food menu\myvenv\Lib\site-packages\django\template\loader_tags.py", line 235, in do_block
    nodelist = parser.parse(("endblock",))
  File "D:\Django\Udemy Django\food menu\myvenv\Lib\site-packages\django\template\base.py", line 585, in parse
    raise self.error(token, e)
  File "D:\Django\Udemy Django\food menu\myvenv\Lib\site-packages\django\template\base.py", line 583, in parse
    compiled_result = compile_func(self, token)
  File "D:\Django\Udemy Django\food menu\myvenv\Lib\site-packages\django\template\defaulttags.py", line 894, in do_for
    nodelist_loop = parser.parse(
        (
    ...<2 lines>...
        )
    )
  File "D:\Django\Udemy Django\food menu\myvenv\Lib\site-packages\django\template\base.py", line 556, in parse
    raise self.error(token, e)
  File "D:\Django\Udemy Django\food menu\myvenv\Lib\site-packages\django\template\base.py", line 554, in parse
    filter_expression = self.compile_filter(token.contents)
  File "D:\Django\Udemy Django\food menu\myvenv\Lib\site-packages\django\template\base.py", line 676, in compile_filter
    return FilterExpression(token, self)
  File "D:\Django\Udemy Django\food menu\myvenv\Lib\site-packages\django\template\base.py", line 776, in __init__
    raise TemplateSyntaxError(
    ...<2 lines>...
    )
django.template.exceptions.TemplateSyntaxError: Template: D:\Django\Udemy Django\food menu\food_menu\myapp\templates\myapp\index.html, Could not parse the remainder: ':' from 'items.created_at|timeuntil:'
fetching all items from the database
Time [2026-04-30T07:15:41.361098+00:00] User cumar requested item list from 127.0.0.1
Number of items fetched: 3
fetching all items from the database
Time [2026-04-30T07:15:53.431213+00:00] User cumar requested item list from 127.0.0.1
Number of items fetched: 3
fetching all items from the database
Time [2026-04-30T07:16:24.862846+00:00] User cumar requested item list from 127.0.0.1
Number of items fetched: 3
Internal Server Error: /myapp/
Traceback (most recent call last):
  File "D:\Django\Udemy Django\food menu\myvenv\Lib\site-packages\django\core\handlers\exception.py", line 55, in inner
    response = get_response(request)
  File "D:\Django\Udemy Django\food menu\myvenv\Lib\site-packages\django\core\handlers\base.py", line 198, in _get_response
    response = wrapped_callback(request, *callback_args, **callback_kwargs)
  File "D:\Django\Udemy Django\food menu\food_menu\myapp\views.py", line 37, in index
    return render(request,'myapp/index.html',context)
  File "D:\Django\Udemy Django\food menu\myvenv\Lib\site-packages\django\shortcuts.py", line 25, in render
    content = loader.render_to_string(template_name, context, request, using=using)
  File "D:\Django\Udemy Django\food menu\myvenv\Lib\site-packages\django\template\loader.py", line 62, in render_to_string
    return template.render(context, request)
           ~~~~~~~~~~~~~~~^^^^^^^^^^^^^^^^^^
  File "D:\Django\Udemy Django\food menu\myvenv\Lib\site-packages\django\template\backends\django.py", line 107, in render
    return self.template.render(context)
           ~~~~~~~~~~~~~~~~~~~~^^^^^^^^^
  File "D:\Django\Udemy Django\food menu\myvenv\Lib\site-packages\django\template\base.py", line 174, in render
    return self._render(context)
           ~~~~~~~~~~~~^^^^^^^^^
  File "D:\Django\Udemy Django\food menu\myvenv\Lib\site-packages\django\template\base.py", line 166, in _render
    return self.nodelist.render(context)
           ~~~~~~~~~~~~~~~~~~~~^^^^^^^^^
  File "D:\Django\Udemy Django\food menu\myvenv\Lib\site-packages\django\template\base.py", line 1091, in render
    return SafeString("".join([node.render_annotated(context) for node in self]))
                               ~~~~~~~~~~~~~~~~~~~~~^^^^^^^^^
  File "D:\Django\Udemy Django\food menu\myvenv\Lib\site-packages\django\template\base.py", line 1052, in render_annotated
    return self.render(context)
           ~~~~~~~~~~~^^^^^^^^^
  File "D:\Django\Udemy Django\food menu\myvenv\Lib\site-packages\django\template\loader_tags.py", line 160, in render
    return compiled_parent._render(context)
           ~~~~~~~~~~~~~~~~~~~~~~~^^^^^^^^^
  File "D:\Django\Udemy Django\food menu\myvenv\Lib\site-packages\django\template\base.py", line 166, in _render
    return self.nodelist.render(context)
           ~~~~~~~~~~~~~~~~~~~~^^^^^^^^^
  File "D:\Django\Udemy Django\food menu\myvenv\Lib\site-packages\django\template\base.py", line 1091, in render
    return SafeString("".join([node.render_annotated(context) for node in self]))
                               ~~~~~~~~~~~~~~~~~~~~~^^^^^^^^^
  File "D:\Django\Udemy Django\food menu\myvenv\Lib\site-packages\django\template\base.py", line 1052, in render_annotated
    return self.render(context)
           ~~~~~~~~~~~^^^^^^^^^
  File "D:\Django\Udemy Django\food menu\myvenv\Lib\site-packages\django\template\loader_tags.py", line 66, in render
    result = block.nodelist.render(context)
  File "D:\Django\Udemy Django\food menu\myvenv\Lib\site-packages\django\template\base.py", line 1091, in render
    return SafeString("".join([node.render_annotated(context) for node in self]))
                               ~~~~~~~~~~~~~~~~~~~~~^^^^^^^^^
  File "D:\Django\Udemy Django\food menu\myvenv\Lib\site-packages\django\template\base.py", line 1052, in render_annotated
    return self.render(context)
           ~~~~~~~~~~~^^^^^^^^^
  File "D:\Django\Udemy Django\food menu\myvenv\Lib\site-packages\django\template\defaulttags.py", line 249, in render
    nodelist.append(node.render_annotated(context))
                    ~~~~~~~~~~~~~~~~~~~~~^^^^^^^^^
  File "D:\Django\Udemy Django\food menu\myvenv\Lib\site-packages\django\template\base.py", line 1052, in render_annotated
    return self.render(context)
           ~~~~~~~~~~~^^^^^^^^^
  File "D:\Django\Udemy Django\food menu\myvenv\Lib\site-packages\django\template\base.py", line 1150, in render
    output = self.filter_expression.resolve(context)
  File "D:\Django\Udemy Django\food menu\myvenv\Lib\site-packages\django\template\base.py", line 815, in resolve
    new_obj = func(obj, *arg_vals)
  File "D:\Django\Udemy Django\food menu\myvenv\Lib\site-packages\django\template\defaultfilters.py", line 818, in timesince_filter
    return timesince(value, arg)
  File "D:\Django\Udemy Django\food menu\myvenv\Lib\site-packages\django\utils\timesince.py", line 64, in timesince
    now = datetime.datetime(now.year, now.month, now.day)
                            ^^^^^^^^
AttributeError: 'int' object has no attribute 'year'
fetching all items from the database
Time [2026-04-30T07:17:00.550122+00:00] User cumar requested item list from 127.0.0.1
Number of items fetched: 3
Internal Server Error: /myapp/
Traceback (most recent call last):
  File "D:\Django\Udemy Django\food menu\myvenv\Lib\site-packages\django\core\handlers\exception.py", line 55, in inner
    response = get_response(request)
  File "D:\Django\Udemy Django\food menu\myvenv\Lib\site-packages\django\core\handlers\base.py", line 198, in _get_response
    response = wrapped_callback(request, *callback_args, **callback_kwargs)
  File "D:\Django\Udemy Django\food menu\food_menu\myapp\views.py", line 37, in index
    return render(request,'myapp/index.html',context)
  File "D:\Django\Udemy Django\food menu\myvenv\Lib\site-packages\django\shortcuts.py", line 25, in render
    content = loader.render_to_string(template_name, context, request, using=using)
  File "D:\Django\Udemy Django\food menu\myvenv\Lib\site-packages\django\template\loader.py", line 62, in render_to_string
    return template.render(context, request)
           ~~~~~~~~~~~~~~~^^^^^^^^^^^^^^^^^^
  File "D:\Django\Udemy Django\food menu\myvenv\Lib\site-packages\django\template\backends\django.py", line 107, in render
    return self.template.render(context)
           ~~~~~~~~~~~~~~~~~~~~^^^^^^^^^
  File "D:\Django\Udemy Django\food menu\myvenv\Lib\site-packages\django\template\base.py", line 174, in render
    return self._render(context)
           ~~~~~~~~~~~~^^^^^^^^^
  File "D:\Django\Udemy Django\food menu\myvenv\Lib\site-packages\django\template\base.py", line 166, in _render
    return self.nodelist.render(context)
           ~~~~~~~~~~~~~~~~~~~~^^^^^^^^^
  File "D:\Django\Udemy Django\food menu\myvenv\Lib\site-packages\django\template\base.py", line 1091, in render
    return SafeString("".join([node.render_annotated(context) for node in self]))
                               ~~~~~~~~~~~~~~~~~~~~~^^^^^^^^^
  File "D:\Django\Udemy Django\food menu\myvenv\Lib\site-packages\django\template\base.py", line 1052, in render_annotated
    return self.render(context)
           ~~~~~~~~~~~^^^^^^^^^
  File "D:\Django\Udemy Django\food menu\myvenv\Lib\site-packages\django\template\loader_tags.py", line 160, in render
    return compiled_parent._render(context)
           ~~~~~~~~~~~~~~~~~~~~~~~^^^^^^^^^
  File "D:\Django\Udemy Django\food menu\myvenv\Lib\site-packages\django\template\base.py", line 166, in _render
    return self.nodelist.render(context)
           ~~~~~~~~~~~~~~~~~~~~^^^^^^^^^
  File "D:\Django\Udemy Django\food menu\myvenv\Lib\site-packages\django\template\base.py", line 1091, in render
    return SafeString("".join([node.render_annotated(context) for node in self]))
                               ~~~~~~~~~~~~~~~~~~~~~^^^^^^^^^
  File "D:\Django\Udemy Django\food menu\myvenv\Lib\site-packages\django\template\base.py", line 1052, in render_annotated
    return self.render(context)
           ~~~~~~~~~~~^^^^^^^^^
  File "D:\Django\Udemy Django\food menu\myvenv\Lib\site-packages\django\template\loader_tags.py", line 66, in render
    result = block.nodelist.render(context)
  File "D:\Django\Udemy Django\food menu\myvenv\Lib\site-packages\django\template\base.py", line 1091, in render
    return SafeString("".join([node.render_annotated(context) for node in self]))
                               ~~~~~~~~~~~~~~~~~~~~~^^^^^^^^^
  File "D:\Django\Udemy Django\food menu\myvenv\Lib\site-packages\django\template\base.py", line 1052, in render_annotated
    return self.render(context)
           ~~~~~~~~~~~^^^^^^^^^
  File "D:\Django\Udemy Django\food menu\myvenv\Lib\site-packages\django\template\defaulttags.py", line 249, in render
    nodelist.append(node.render_annotated(context))
                    ~~~~~~~~~~~~~~~~~~~~~^^^^^^^^^
  File "D:\Django\Udemy Django\food menu\myvenv\Lib\site-packages\django\template\base.py", line 1052, in render_annotated
    return self.render(context)
           ~~~~~~~~~~~^^^^^^^^^
  File "D:\Django\Udemy Django\food menu\myvenv\Lib\site-packages\django\template\base.py", line 1150, in render
    output = self.filter_expression.resolve(context)
  File "D:\Django\Udemy Django\food menu\myvenv\Lib\site-packages\django\template\base.py", line 815, in resolve
    new_obj = func(obj, *arg_vals)
  File "D:\Django\Udemy Django\food menu\myvenv\Lib\site-packages\django\template\defaultfilters.py", line 818, in timesince_filter
    return timesince(value, arg)
  File "D:\Django\Udemy Django\food menu\myvenv\Lib\site-packages\django\utils\timesince.py", line 64, in timesince
    now = datetime.datetime(now.year, now.month, now.day)
                            ^^^^^^^^
AttributeError: 'float' object has no attribute 'year'
fetching all items from the database
Time [2026-04-30T07:17:09.939301+00:00] User cumar requested item list from 127.0.0.1
Number of items fetched: 3
Internal Server Error: /myapp/
Traceback (most recent call last):
  File "D:\Django\Udemy Django\food menu\myvenv\Lib\site-packages\django\template\base.py", line 965, in _resolve_lookup
    current = current[bit]
              ~~~~~~~^^^^^
  File "D:\Django\Udemy Django\food menu\myvenv\Lib\site-packages\django\template\context.py", line 91, in __getitem__
    raise KeyError(key)
KeyError: 'a'

During handling of the above exception, another exception occurred:

Traceback (most recent call last):
  File "D:\Django\Udemy Django\food menu\myvenv\Lib\site-packages\django\template\base.py", line 972, in _resolve_lookup
    if isinstance(current, BaseContext) and getattr(
                                            ~~~~~~~^
        type(current), bit
        ^^^^^^^^^^^^^^^^^^
    ):
    ^
AttributeError: type object 'RequestContext' has no attribute 'a'

During handling of the above exception, another exception occurred:

Traceback (most recent call last):
  File "D:\Django\Udemy Django\food menu\myvenv\Lib\site-packages\django\template\base.py", line 982, in _resolve_lookup
    current = current[int(bit)]
                      ~~~^^^^^
ValueError: invalid literal for int() with base 10: 'a'

During handling of the above exception, another exception occurred:

Traceback (most recent call last):
  File "D:\Django\Udemy Django\food menu\myvenv\Lib\site-packages\django\core\handlers\exception.py", line 55, in inner
    response = get_response(request)
  File "D:\Django\Udemy Django\food menu\myvenv\Lib\site-packages\django\core\handlers\base.py", line 198, in _get_response
    response = wrapped_callback(request, *callback_args, **callback_kwargs)
  File "D:\Django\Udemy Django\food menu\food_menu\myapp\views.py", line 37, in index
    return render(request,'myapp/index.html',context)
  File "D:\Django\Udemy Django\food menu\myvenv\Lib\site-packages\django\shortcuts.py", line 25, in render
    content = loader.render_to_string(template_name, context, request, using=using)
  File "D:\Django\Udemy Django\food menu\myvenv\Lib\site-packages\django\template\loader.py", line 62, in render_to_string
    return template.render(context, request)
           ~~~~~~~~~~~~~~~^^^^^^^^^^^^^^^^^^
  File "D:\Django\Udemy Django\food menu\myvenv\Lib\site-packages\django\template\backends\django.py", line 107, in render
    return self.template.render(context)
           ~~~~~~~~~~~~~~~~~~~~^^^^^^^^^
  File "D:\Django\Udemy Django\food menu\myvenv\Lib\site-packages\django\template\base.py", line 174, in render
    return self._render(context)
           ~~~~~~~~~~~~^^^^^^^^^
  File "D:\Django\Udemy Django\food menu\myvenv\Lib\site-packages\django\template\base.py", line 166, in _render
    return self.nodelist.render(context)
           ~~~~~~~~~~~~~~~~~~~~^^^^^^^^^
  File "D:\Django\Udemy Django\food menu\myvenv\Lib\site-packages\django\template\base.py", line 1091, in render
    return SafeString("".join([node.render_annotated(context) for node in self]))
                               ~~~~~~~~~~~~~~~~~~~~~^^^^^^^^^
  File "D:\Django\Udemy Django\food menu\myvenv\Lib\site-packages\django\template\base.py", line 1052, in render_annotated
    return self.render(context)
           ~~~~~~~~~~~^^^^^^^^^
  File "D:\Django\Udemy Django\food menu\myvenv\Lib\site-packages\django\template\loader_tags.py", line 160, in render
    return compiled_parent._render(context)
           ~~~~~~~~~~~~~~~~~~~~~~~^^^^^^^^^
  File "D:\Django\Udemy Django\food menu\myvenv\Lib\site-packages\django\template\base.py", line 166, in _render
    return self.nodelist.render(context)
           ~~~~~~~~~~~~~~~~~~~~^^^^^^^^^
  File "D:\Django\Udemy Django\food menu\myvenv\Lib\site-packages\django\template\base.py", line 1091, in render
    return SafeString("".join([node.render_annotated(context) for node in self]))
                               ~~~~~~~~~~~~~~~~~~~~~^^^^^^^^^
  File "D:\Django\Udemy Django\food menu\myvenv\Lib\site-packages\django\template\base.py", line 1052, in render_annotated
    return self.render(context)
           ~~~~~~~~~~~^^^^^^^^^
  File "D:\Django\Udemy Django\food menu\myvenv\Lib\site-packages\django\template\loader_tags.py", line 66, in render
    result = block.nodelist.render(context)
  File "D:\Django\Udemy Django\food menu\myvenv\Lib\site-packages\django\template\base.py", line 1091, in render
    return SafeString("".join([node.render_annotated(context) for node in self]))
                               ~~~~~~~~~~~~~~~~~~~~~^^^^^^^^^
  File "D:\Django\Udemy Django\food menu\myvenv\Lib\site-packages\django\template\base.py", line 1052, in render_annotated
    return self.render(context)
           ~~~~~~~~~~~^^^^^^^^^
  File "D:\Django\Udemy Django\food menu\myvenv\Lib\site-packages\django\template\defaulttags.py", line 249, in render
    nodelist.append(node.render_annotated(context))
                    ~~~~~~~~~~~~~~~~~~~~~^^^^^^^^^
  File "D:\Django\Udemy Django\food menu\myvenv\Lib\site-packages\django\template\base.py", line 1052, in render_annotated
    return self.render(context)
           ~~~~~~~~~~~^^^^^^^^^
  File "D:\Django\Udemy Django\food menu\myvenv\Lib\site-packages\django\template\base.py", line 1150, in render
    output = self.filter_expression.resolve(context)
  File "D:\Django\Udemy Django\food menu\myvenv\Lib\site-packages\django\template\base.py", line 809, in resolve
    arg_vals.append(arg.resolve(context))
                    ~~~~~~~~~~~^^^^^^^^^
  File "D:\Django\Udemy Django\food menu\myvenv\Lib\site-packages\django\template\base.py", line 928, in resolve
    value = self._resolve_lookup(context)
  File "D:\Django\Udemy Django\food menu\myvenv\Lib\site-packages\django\template\base.py", line 989, in _resolve_lookup
    raise VariableDoesNotExist(
    ^^^^^^^^^^^^^^^^^^^^^^^^^^^
    ...<2 lines>...
    )  # missing attribute
    ^
django.template.base.VariableDoesNotExist: Failed lookup for key [a] in [{'True': True, 'False': False, 'None': None}, {}, {}, {'page_obj': <Page 1 of 1>}]
fetching all items from the database
Time [2026-04-30T07:17:16.469672+00:00] User cumar requested item list from 127.0.0.1
Number of items fetched: 3
fetching all items from the database
Time [2026-04-30T07:21:47.017602+00:00] User cumar requested item list from 127.0.0.1
Number of items fetched: 4
fetching all items from the database
Time [2026-04-30T07:21:52.997667+00:00] User cumar requested item list from 127.0.0.1
Number of items fetched: 4
fetching all items from the database
Time [2026-04-30T07:22:31.075305+00:00] User cumar requested item list from 127.0.0.1
Number of items fetched: 4
fetching all items from the database
Time [2026-04-30T07:22:39.777493+00:00] User cumar requested item list from 127.0.0.1
Number of items fetched: 4
fetching all items from the database
Time [2026-04-30T07:22:40.414280+00:00] User cumar requested item list from 127.0.0.1
Number of items fetched: 4
fetching all items from the database
Time [2026-04-30T07:22:40.619415+00:00] User cumar requested item list from 127.0.0.1
Number of items fetched: 4
fetching all items from the database
Time [2026-04-30T07:22:40.840171+00:00] User cumar requested item list from 127.0.0.1
Number of items fetched: 4
fetching all items from the database
Time [2026-04-30T07:22:43.602590+00:00] User cumar requested item list from 127.0.0.1
Number of items fetched: 4
fetching all items from the database
Time [2026-04-30T07:22:50.866045+00:00] User cumar requested item list from 127.0.0.1
Number of items fetched: 4
fetching all items from the database
Time [2026-04-30T07:23:21.062712+00:00] User cumar requested item list from 127.0.0.1
Number of items fetched: 4
fetching all items from the database
Time [2026-04-30T07:23:25.092197+00:00] User cumar requested item list from 127.0.0.1
Number of items fetched: 4
Fetching item with id: 4
Item fetched: Barger ($11.00)
fetching all items from the database
Time [2026-04-30T07:24:36.474830+00:00] User cumar requested item list from 127.0.0.1
Number of items fetched: 4
fetching all items from the database
Time [2026-04-30T07:25:17.797210+00:00] User cumar requested item list from 127.0.0.1
Number of items fetched: 4
fetching all items from the database
Time [2026-04-30T07:47:53.477722+00:00] User cumar requested item list from 127.0.0.1
Number of items fetched: 4
Internal Server Error: /myapp/
Traceback (most recent call last):
  File "D:\Django\Udemy Django\food menu\myvenv\Lib\site-packages\django\core\handlers\exception.py", line 55, in inner
    response = get_response(request)
  File "D:\Django\Udemy Django\food menu\myvenv\Lib\site-packages\django\core\handlers\base.py", line 198, in _get_response
    response = wrapped_callback(request, *callback_args, **callback_kwargs)
  File "D:\Django\Udemy Django\food menu\food_menu\myapp\views.py", line 37, in index
    return render(request,'myapp/index.html',context)
  File "D:\Django\Udemy Django\food menu\myvenv\Lib\site-packages\django\shortcuts.py", line 25, in render
    content = loader.render_to_string(template_name, context, request, using=using)
  File "D:\Django\Udemy Django\food menu\myvenv\Lib\site-packages\django\template\loader.py", line 61, in render_to_string
    template = get_template(template_name, using=using)
  File "D:\Django\Udemy Django\food menu\myvenv\Lib\site-packages\django\template\loader.py", line 15, in get_template
    return engine.get_template(template_name)
           ~~~~~~~~~~~~~~~~~~~^^^^^^^^^^^^^^^
  File "D:\Django\Udemy Django\food menu\myvenv\Lib\site-packages\django\template\backends\django.py", line 79, in get_template
    return Template(self.engine.get_template(template_name), self)
                    ~~~~~~~~~~~~~~~~~~~~~~~~^^^^^^^^^^^^^^^
  File "D:\Django\Udemy Django\food menu\myvenv\Lib\site-packages\django\template\engine.py", line 186, in get_template
    template, origin = self.find_template(template_name)
                       ~~~~~~~~~~~~~~~~~~^^^^^^^^^^^^^^^
  File "D:\Django\Udemy Django\food menu\myvenv\Lib\site-packages\django\template\engine.py", line 159, in find_template
    template = loader.get_template(name, skip=skip)
  File "D:\Django\Udemy Django\food menu\myvenv\Lib\site-packages\django\template\loaders\cached.py", line 57, in get_template
    template = super().get_template(template_name, skip)
  File "D:\Django\Udemy Django\food menu\myvenv\Lib\site-packages\django\template\loaders\base.py", line 28, in get_template
    return Template(
        contents,
    ...<2 lines>...
        self.engine,
    )
  File "D:\Django\Udemy Django\food menu\myvenv\Lib\site-packages\django\template\base.py", line 157, in __init__
    self.nodelist = self.compile_nodelist()
                    ~~~~~~~~~~~~~~~~~~~~~^^
  File "D:\Django\Udemy Django\food menu\myvenv\Lib\site-packages\django\template\base.py", line 199, in compile_nodelist
    nodelist = parser.parse()
  File "D:\Django\Udemy Django\food menu\myvenv\Lib\site-packages\django\template\base.py", line 585, in parse
    raise self.error(token, e)
  File "D:\Django\Udemy Django\food menu\myvenv\Lib\site-packages\django\template\base.py", line 583, in parse
    compiled_result = compile_func(self, token)
  File "D:\Django\Udemy Django\food menu\myvenv\Lib\site-packages\django\template\loader_tags.py", line 307, in do_extends
    nodelist = parser.parse()
  File "D:\Django\Udemy Django\food menu\myvenv\Lib\site-packages\django\template\base.py", line 585, in parse
    raise self.error(token, e)
  File "D:\Django\Udemy Django\food menu\myvenv\Lib\site-packages\django\template\base.py", line 583, in parse
    compiled_result = compile_func(self, token)
  File "D:\Django\Udemy Django\food menu\myvenv\Lib\site-packages\django\template\loader_tags.py", line 235, in do_block
    nodelist = parser.parse(("endblock",))
  File "D:\Django\Udemy Django\food menu\myvenv\Lib\site-packages\django\template\base.py", line 585, in parse
    raise self.error(token, e)
  File "D:\Django\Udemy Django\food menu\myvenv\Lib\site-packages\django\template\base.py", line 583, in parse
    compiled_result = compile_func(self, token)
  File "D:\Django\Udemy Django\food menu\myvenv\Lib\site-packages\django\template\defaulttags.py", line 894, in do_for
    nodelist_loop = parser.parse(
        (
    ...<2 lines>...
        )
    )
  File "D:\Django\Udemy Django\food menu\myvenv\Lib\site-packages\django\template\base.py", line 556, in parse
    raise self.error(token, e)
  File "D:\Django\Udemy Django\food menu\myvenv\Lib\site-packages\django\template\base.py", line 554, in parse
    filter_expression = self.compile_filter(token.contents)
  File "D:\Django\Udemy Django\food menu\myvenv\Lib\site-packages\django\template\base.py", line 676, in compile_filter
    return FilterExpression(token, self)
  File "D:\Django\Udemy Django\food menu\myvenv\Lib\site-packages\django\template\base.py", line 771, in __init__
    filter_func = parser.find_filter(filter_name)
  File "D:\Django\Udemy Django\food menu\myvenv\Lib\site-packages\django\template\base.py", line 682, in find_filter
    raise TemplateSyntaxError("Invalid filter: '%s'" % filter_name)
django.template.exceptions.TemplateSyntaxError: Template: D:\Django\Udemy Django\food menu\food_menu\myapp\templates\myapp\index.html, Invalid filter: 'currency'
Watching for file changes with StatReloader
fetching all items from the database
Time [2026-04-30T07:48:48.805201+00:00] User cumar requested item list from 127.0.0.1
Number of items fetched: 4
Internal Server Error: /myapp/
Traceback (most recent call last):
  File "D:\Django\Udemy Django\food menu\myvenv\Lib\site-packages\django\core\handlers\exception.py", line 55, in inner
    response = get_response(request)
  File "D:\Django\Udemy Django\food menu\myvenv\Lib\site-packages\django\core\handlers\base.py", line 198, in _get_response
    response = wrapped_callback(request, *callback_args, **callback_kwargs)
  File "D:\Django\Udemy Django\food menu\food_menu\myapp\views.py", line 37, in index
    return render(request,'myapp/index.html',context)
  File "D:\Django\Udemy Django\food menu\myvenv\Lib\site-packages\django\shortcuts.py", line 25, in render
    content = loader.render_to_string(template_name, context, request, using=using)
  File "D:\Django\Udemy Django\food menu\myvenv\Lib\site-packages\django\template\loader.py", line 61, in render_to_string
    template = get_template(template_name, using=using)
  File "D:\Django\Udemy Django\food menu\myvenv\Lib\site-packages\django\template\loader.py", line 15, in get_template
    return engine.get_template(template_name)
           ~~~~~~~~~~~~~~~~~~~^^^^^^^^^^^^^^^
  File "D:\Django\Udemy Django\food menu\myvenv\Lib\site-packages\django\template\backends\django.py", line 79, in get_template
    return Template(self.engine.get_template(template_name), self)
                    ~~~~~~~~~~~~~~~~~~~~~~~~^^^^^^^^^^^^^^^
  File "D:\Django\Udemy Django\food menu\myvenv\Lib\site-packages\django\template\engine.py", line 186, in get_template
    template, origin = self.find_template(template_name)
                       ~~~~~~~~~~~~~~~~~~^^^^^^^^^^^^^^^
  File "D:\Django\Udemy Django\food menu\myvenv\Lib\site-packages\django\template\engine.py", line 159, in find_template
    template = loader.get_template(name, skip=skip)
  File "D:\Django\Udemy Django\food menu\myvenv\Lib\site-packages\django\template\loaders\cached.py", line 57, in get_template
    template = super().get_template(template_name, skip)
  File "D:\Django\Udemy Django\food menu\myvenv\Lib\site-packages\django\template\loaders\base.py", line 28, in get_template
    return Template(
        contents,
    ...<2 lines>...
        self.engine,
    )
  File "D:\Django\Udemy Django\food menu\myvenv\Lib\site-packages\django\template\base.py", line 157, in __init__
    self.nodelist = self.compile_nodelist()
                    ~~~~~~~~~~~~~~~~~~~~~^^
  File "D:\Django\Udemy Django\food menu\myvenv\Lib\site-packages\django\template\base.py", line 199, in compile_nodelist
    nodelist = parser.parse()
  File "D:\Django\Udemy Django\food menu\myvenv\Lib\site-packages\django\template\base.py", line 585, in parse
    raise self.error(token, e)
  File "D:\Django\Udemy Django\food menu\myvenv\Lib\site-packages\django\template\base.py", line 583, in parse
    compiled_result = compile_func(self, token)
  File "D:\Django\Udemy Django\food menu\myvenv\Lib\site-packages\django\template\loader_tags.py", line 307, in do_extends
    nodelist = parser.parse()
  File "D:\Django\Udemy Django\food menu\myvenv\Lib\site-packages\django\template\base.py", line 585, in parse
    raise self.error(token, e)
  File "D:\Django\Udemy Django\food menu\myvenv\Lib\site-packages\django\template\base.py", line 583, in parse
    compiled_result = compile_func(self, token)
  File "D:\Django\Udemy Django\food menu\myvenv\Lib\site-packages\django\template\loader_tags.py", line 235, in do_block
    nodelist = parser.parse(("endblock",))
  File "D:\Django\Udemy Django\food menu\myvenv\Lib\site-packages\django\template\base.py", line 585, in parse
    raise self.error(token, e)
  File "D:\Django\Udemy Django\food menu\myvenv\Lib\site-packages\django\template\base.py", line 583, in parse
    compiled_result = compile_func(self, token)
  File "D:\Django\Udemy Django\food menu\myvenv\Lib\site-packages\django\template\defaulttags.py", line 894, in do_for
    nodelist_loop = parser.parse(
        (
    ...<2 lines>...
        )
    )
  File "D:\Django\Udemy Django\food menu\myvenv\Lib\site-packages\django\template\base.py", line 556, in parse
    raise self.error(token, e)
  File "D:\Django\Udemy Django\food menu\myvenv\Lib\site-packages\django\template\base.py", line 554, in parse
    filter_expression = self.compile_filter(token.contents)
  File "D:\Django\Udemy Django\food menu\myvenv\Lib\site-packages\django\template\base.py", line 676, in compile_filter
    return FilterExpression(token, self)
  File "D:\Django\Udemy Django\food menu\myvenv\Lib\site-packages\django\template\base.py", line 771, in __init__
    filter_func = parser.find_filter(filter_name)
  File "D:\Django\Udemy Django\food menu\myvenv\Lib\site-packages\django\template\base.py", line 682, in find_filter
    raise TemplateSyntaxError("Invalid filter: '%s'" % filter_name)
django.template.exceptions.TemplateSyntaxError: Template: D:\Django\Udemy Django\food menu\food_menu\myapp\templates\myapp\index.html, Invalid filter: 'currency'
fetching all items from the database
Time [2026-04-30T07:49:51.720568+00:00] User cumar requested item list from 127.0.0.1
Number of items fetched: 4
fetching all items from the database
Time [2026-04-30T07:51:05.741810+00:00] User cumar requested item list from 127.0.0.1
Number of items fetched: 4
D:\Django\Udemy Django\food menu\food_menu\myapp\templatetags\custom_filters.py changed, reloading.
Watching for file changes with StatReloader
D:\Django\Udemy Django\food menu\food_menu\myapp\templatetags\custom_filters.py changed, reloading.
Watching for file changes with StatReloader
Watching for file changes with StatReloader
fetching all items from the database
Time [2026-04-30T07:58:17.262782+00:00] User cumar requested item list from 127.0.0.1
Number of items fetched: 4
fetching all items from the database
Time [2026-04-30T07:59:27.927622+00:00] User cumar requested item list from 127.0.0.1
Number of items fetched: 4
fetching all items from the database
Time [2026-04-30T07:59:46.576942+00:00] User cumar requested item list from 127.0.0.1
Number of items fetched: 4
D:\Django\Udemy Django\food menu\food_menu\myapp\views.py changed, reloading.
Watching for file changes with StatReloader
D:\Django\Udemy Django\food menu\food_menu\myapp\views.py changed, reloading.
Watching for file changes with StatReloader
D:\Django\Udemy Django\food menu\food_menu\myapp\urls.py changed, reloading.
Watching for file changes with StatReloader
D:\Django\Udemy Django\food menu\food_menu\myapp\urls.py changed, reloading.
Watching for file changes with StatReloader
D:\Django\Udemy Django\food menu\food_menu\myapp\forms.py changed, reloading.
Watching for file changes with StatReloader
D:\Django\Udemy Django\food menu\food_menu\myapp\forms.py changed, reloading.
Watching for file changes with StatReloader
D:\Django\Udemy Django\food menu\food_menu\myapp\forms.py changed, reloading.
Watching for file changes with StatReloader
D:\Django\Udemy Django\food menu\food_menu\myapp\forms.py changed, reloading.
Watching for file changes with StatReloader
D:\Django\Udemy Django\food menu\food_menu\myapp\forms.py changed, reloading.
Watching for file changes with StatReloader
D:\Django\Udemy Django\food menu\food_menu\myapp\forms.py changed, reloading.
Watching for file changes with StatReloader
D:\Django\Udemy Django\food menu\food_menu\myapp\forms.py changed, reloading.
Watching for file changes with StatReloader
D:\Django\Udemy Django\food menu\food_menu\myapp\forms.py changed, reloading.
Watching for file changes with StatReloader
D:\Django\Udemy Django\food menu\food_menu\myapp\forms.py changed, reloading.
Watching for file changes with StatReloader
D:\Django\Udemy Django\food menu\food_menu\myapp\forms.py changed, reloading.
Watching for file changes with StatReloader
D:\Django\Udemy Django\food menu\food_menu\myapp\forms.py changed, reloading.
Watching for file changes with StatReloader
Watching for file changes with StatReloader
D:\Django\Udemy Django\food menu\food_menu\myapp\forms.py changed, reloading.
Watching for file changes with StatReloader
D:\Django\Udemy Django\food menu\food_menu\myapp\forms.py changed, reloading.
Watching for file changes with StatReloader
D:\Django\Udemy Django\food menu\food_menu\myapp\forms.py changed, reloading.
Watching for file changes with StatReloader
D:\Django\Udemy Django\food menu\food_menu\myapp\forms.py changed, reloading.
Watching for file changes with StatReloader
D:\Django\Udemy Django\food menu\food_menu\myapp\forms.py changed, reloading.
Watching for file changes with StatReloader
D:\Django\Udemy Django\food menu\food_menu\myapp\forms.py changed, reloading.
Watching for file changes with StatReloader
D:\Django\Udemy Django\food menu\food_menu\myapp\forms.py changed, reloading.
Watching for file changes with StatReloader
D:\Django\Udemy Django\food menu\food_menu\myapp\forms.py changed, reloading.
Watching for file changes with StatReloader
D:\Django\Udemy Django\food menu\food_menu\myapp\forms.py changed, reloading.
Watching for file changes with StatReloader
D:\Django\Udemy Django\food menu\food_menu\myapp\forms.py changed, reloading.
Watching for file changes with StatReloader
D:\Django\Udemy Django\food menu\food_menu\myapp\forms.py changed, reloading.
Watching for file changes with StatReloader
D:\Django\Udemy Django\food menu\food_menu\myapp\forms.py changed, reloading.
Watching for file changes with StatReloader
D:\Django\Udemy Django\food menu\food_menu\myapp\forms.py changed, reloading.
Watching for file changes with StatReloader
D:\Django\Udemy Django\food menu\food_menu\myapp\forms.py changed, reloading.
Watching for file changes with StatReloader
D:\Django\Udemy Django\food menu\food_menu\myapp\forms.py changed, reloading.
Watching for file changes with StatReloader
Internal Server Error: /myapp/add/
Traceback (most recent call last):
  File "D:\Django\Udemy Django\food menu\myvenv\Lib\site-packages\django\core\handlers\exception.py", line 55, in inner
    response = get_response(request)
  File "D:\Django\Udemy Django\food menu\myvenv\Lib\site-packages\django\core\handlers\base.py", line 198, in _get_response
    response = wrapped_callback(request, *callback_args, **callback_kwargs)
  File "D:\Django\Udemy Django\food menu\food_menu\myapp\views.py", line 71, in create_item
    if form.is_valid():
       ~~~~~~~~~~~~~^^
  File "D:\Django\Udemy Django\food menu\myvenv\Lib\site-packages\django\forms\forms.py", line 206, in is_valid
    return self.is_bound and not self.errors
                                 ^^^^^^^^^^^
  File "D:\Django\Udemy Django\food menu\myvenv\Lib\site-packages\django\forms\forms.py", line 201, in errors
    self.full_clean()
    ~~~~~~~~~~~~~~~^^
  File "D:\Django\Udemy Django\food menu\myvenv\Lib\site-packages\django\forms\forms.py", line 337, in full_clean
    self._clean_fields()
    ~~~~~~~~~~~~~~~~~~^^
  File "D:\Django\Udemy Django\food menu\myvenv\Lib\site-packages\django\forms\forms.py", line 347, in _clean_fields
    value = getattr(self, "clean_%s" % name)()
  File "D:\Django\Udemy Django\food menu\food_menu\myapp\forms.py", line 17, in clean_item_price
    price = self.cleaned_data('item_price')
TypeError: 'dict' object is not callable
D:\Django\Udemy Django\food menu\food_menu\myapp\forms.py changed, reloading.
Watching for file changes with StatReloader
D:\Django\Udemy Django\food menu\food_menu\myapp\forms.py changed, reloading.
Watching for file changes with StatReloader
D:\Django\Udemy Django\food menu\food_menu\myapp\forms.py changed, reloading.
Watching for file changes with StatReloader
Internal Server Error: /myapp/add/
Traceback (most recent call last):
  File "D:\Django\Udemy Django\food menu\myvenv\Lib\site-packages\django\db\backends\utils.py", line 105, in _execute
    return self.cursor.execute(sql, params)
           ~~~~~~~~~~~~~~~~~~~^^^^^^^^^^^^^
  File "D:\Django\Udemy Django\food menu\myvenv\Lib\site-packages\psycopg\cursor.py", line 117, in execute
    raise ex.with_traceback(None)
psycopg.errors.ForeignKeyViolation: insert or update on table "myapp_item" violates foreign key constraint "myapp_item_user_name_id_2bf4de29_fk_auth_user_id"
DETAIL:  Key (user_name_id)=(2) is not present in table "auth_user".

The above exception was the direct cause of the following exception:

Traceback (most recent call last):
  File "D:\Django\Udemy Django\food menu\myvenv\Lib\site-packages\django\core\handlers\exception.py", line 55, in inner
    response = get_response(request)
  File "D:\Django\Udemy Django\food menu\myvenv\Lib\site-packages\django\core\handlers\base.py", line 198, in _get_response
    response = wrapped_callback(request, *callback_args, **callback_kwargs)
  File "D:\Django\Udemy Django\food menu\food_menu\myapp\views.py", line 72, in create_item
    form.save()
    ~~~~~~~~~^^
  File "D:\Django\Udemy Django\food menu\myvenv\Lib\site-packages\django\forms\models.py", line 574, in save
    self.instance.save()
    ~~~~~~~~~~~~~~~~~~^^
  File "D:\Django\Udemy Django\food menu\myvenv\Lib\site-packages\django\db\models\base.py", line 874, in save
    self.save_base(
    ~~~~~~~~~~~~~~^
        using=using,
        ^^^^^^^^^^^^
    ...<2 lines>...
        update_fields=update_fields,
        ^^^^^^^^^^^^^^^^^^^^^^^^^^^^
    )
    ^
  File "D:\Django\Udemy Django\food menu\myvenv\Lib\site-packages\django\db\models\base.py", line 966, in save_base
    updated = self._save_table(
        raw,
    ...<4 lines>...
        update_fields,
    )
  File "D:\Django\Udemy Django\food menu\myvenv\Lib\site-packages\django\db\models\base.py", line 1169, in _save_table
    results = self._do_insert(
        cls._base_manager, using, insert_fields, returning_fields, raw
    )
  File "D:\Django\Udemy Django\food menu\myvenv\Lib\site-packages\django\db\models\base.py", line 1220, in _do_insert
    return manager._insert(
           ~~~~~~~~~~~~~~~^
        [self],
        ^^^^^^^
    ...<3 lines>...
        raw=raw,
        ^^^^^^^^
    )
    ^
  File "D:\Django\Udemy Django\food menu\myvenv\Lib\site-packages\django\db\models\manager.py", line 87, in manager_method
    return getattr(self.get_queryset(), name)(*args, **kwargs)
           ~~~~~~~~~~~~~~~~~~~~~~~~~~~~~~~~~~^^^^^^^^^^^^^^^^^
  File "D:\Django\Udemy Django\food menu\myvenv\Lib\site-packages\django\db\models\query.py", line 1918, in _insert
    return query.get_compiler(using=using).execute_sql(returning_fields)
           ~~~~~~~~~~~~~~~~~~~~~~~~~~~~~~~~~~~~~~~~~~~^^^^^^^^^^^^^^^^^^
  File "D:\Django\Udemy Django\food menu\myvenv\Lib\site-packages\django\db\models\sql\compiler.py", line 1925, in execute_sql
    cursor.execute(sql, params)
    ~~~~~~~~~~~~~~^^^^^^^^^^^^^
  File "D:\Django\Udemy Django\food menu\myvenv\Lib\site-packages\django\db\backends\utils.py", line 122, in execute
    return super().execute(sql, params)
           ~~~~~~~~~~~~~~~^^^^^^^^^^^^^
  File "D:\Django\Udemy Django\food menu\myvenv\Lib\site-packages\django\db\backends\utils.py", line 79, in execute
    return self._execute_with_wrappers(
           ~~~~~~~~~~~~~~~~~~~~~~~~~~~^
        sql, params, many=False, executor=self._execute
        ^^^^^^^^^^^^^^^^^^^^^^^^^^^^^^^^^^^^^^^^^^^^^^^
    )
    ^
  File "D:\Django\Udemy Django\food menu\myvenv\Lib\site-packages\django\db\backends\utils.py", line 92, in _execute_with_wrappers
    return executor(sql, params, many, context)
  File "D:\Django\Udemy Django\food menu\myvenv\Lib\site-packages\django\db\backends\utils.py", line 100, in _execute
    with self.db.wrap_database_errors:
         ^^^^^^^^^^^^^^^^^^^^^^^^^^^^
  File "D:\Django\Udemy Django\food menu\myvenv\Lib\site-packages\django\db\utils.py", line 94, in __exit__
    raise dj_exc_value.with_traceback(traceback) from exc_value
  File "D:\Django\Udemy Django\food menu\myvenv\Lib\site-packages\django\db\backends\utils.py", line 105, in _execute
    return self.cursor.execute(sql, params)
           ~~~~~~~~~~~~~~~~~~~^^^^^^^^^^^^^
  File "D:\Django\Udemy Django\food menu\myvenv\Lib\site-packages\psycopg\cursor.py", line 117, in execute
    raise ex.with_traceback(None)
django.db.utils.IntegrityError: insert or update on table "myapp_item" violates foreign key constraint "myapp_item_user_name_id_2bf4de29_fk_auth_user_id"
DETAIL:  Key (user_name_id)=(2) is not present in table "auth_user".
fetching all items from the database
Time [2026-04-30T09:01:16.135769+00:00] User cumar requested item list from 127.0.0.1
Number of items fetched: 4
Internal Server Error: /myapp/add/
Traceback (most recent call last):
  File "D:\Django\Udemy Django\food menu\myvenv\Lib\site-packages\django\db\backends\utils.py", line 105, in _execute
    return self.cursor.execute(sql, params)
           ~~~~~~~~~~~~~~~~~~~^^^^^^^^^^^^^
  File "D:\Django\Udemy Django\food menu\myvenv\Lib\site-packages\psycopg\cursor.py", line 117, in execute
    raise ex.with_traceback(None)
psycopg.errors.ForeignKeyViolation: insert or update on table "myapp_item" violates foreign key constraint "myapp_item_user_name_id_2bf4de29_fk_auth_user_id"
DETAIL:  Key (user_name_id)=(2) is not present in table "auth_user".

The above exception was the direct cause of the following exception:

Traceback (most recent call last):
  File "D:\Django\Udemy Django\food menu\myvenv\Lib\site-packages\django\core\handlers\exception.py", line 55, in inner
    response = get_response(request)
  File "D:\Django\Udemy Django\food menu\myvenv\Lib\site-packages\django\core\handlers\base.py", line 198, in _get_response
    response = wrapped_callback(request, *callback_args, **callback_kwargs)
  File "D:\Django\Udemy Django\food menu\food_menu\myapp\views.py", line 72, in create_item
    form.save()
    ~~~~~~~~~^^
  File "D:\Django\Udemy Django\food menu\myvenv\Lib\site-packages\django\forms\models.py", line 574, in save
    self.instance.save()
    ~~~~~~~~~~~~~~~~~~^^
  File "D:\Django\Udemy Django\food menu\myvenv\Lib\site-packages\django\db\models\base.py", line 874, in save
    self.save_base(
    ~~~~~~~~~~~~~~^
        using=using,
        ^^^^^^^^^^^^
    ...<2 lines>...
        update_fields=update_fields,
        ^^^^^^^^^^^^^^^^^^^^^^^^^^^^
    )
    ^
  File "D:\Django\Udemy Django\food menu\myvenv\Lib\site-packages\django\db\models\base.py", line 966, in save_base
    updated = self._save_table(
        raw,
    ...<4 lines>...
        update_fields,
    )
  File "D:\Django\Udemy Django\food menu\myvenv\Lib\site-packages\django\db\models\base.py", line 1169, in _save_table
    results = self._do_insert(
        cls._base_manager, using, insert_fields, returning_fields, raw
    )
  File "D:\Django\Udemy Django\food menu\myvenv\Lib\site-packages\django\db\models\base.py", line 1220, in _do_insert
    return manager._insert(
           ~~~~~~~~~~~~~~~^
        [self],
        ^^^^^^^
    ...<3 lines>...
        raw=raw,
        ^^^^^^^^
    )
    ^
  File "D:\Django\Udemy Django\food menu\myvenv\Lib\site-packages\django\db\models\manager.py", line 87, in manager_method
    return getattr(self.get_queryset(), name)(*args, **kwargs)
           ~~~~~~~~~~~~~~~~~~~~~~~~~~~~~~~~~~^^^^^^^^^^^^^^^^^
  File "D:\Django\Udemy Django\food menu\myvenv\Lib\site-packages\django\db\models\query.py", line 1918, in _insert
    return query.get_compiler(using=using).execute_sql(returning_fields)
           ~~~~~~~~~~~~~~~~~~~~~~~~~~~~~~~~~~~~~~~~~~~^^^^^^^^^^^^^^^^^^
  File "D:\Django\Udemy Django\food menu\myvenv\Lib\site-packages\django\db\models\sql\compiler.py", line 1925, in execute_sql
    cursor.execute(sql, params)
    ~~~~~~~~~~~~~~^^^^^^^^^^^^^
  File "D:\Django\Udemy Django\food menu\myvenv\Lib\site-packages\django\db\backends\utils.py", line 122, in execute
    return super().execute(sql, params)
           ~~~~~~~~~~~~~~~^^^^^^^^^^^^^
  File "D:\Django\Udemy Django\food menu\myvenv\Lib\site-packages\django\db\backends\utils.py", line 79, in execute
    return self._execute_with_wrappers(
           ~~~~~~~~~~~~~~~~~~~~~~~~~~~^
        sql, params, many=False, executor=self._execute
        ^^^^^^^^^^^^^^^^^^^^^^^^^^^^^^^^^^^^^^^^^^^^^^^
    )
    ^
  File "D:\Django\Udemy Django\food menu\myvenv\Lib\site-packages\django\db\backends\utils.py", line 92, in _execute_with_wrappers
    return executor(sql, params, many, context)
  File "D:\Django\Udemy Django\food menu\myvenv\Lib\site-packages\django\db\backends\utils.py", line 100, in _execute
    with self.db.wrap_database_errors:
         ^^^^^^^^^^^^^^^^^^^^^^^^^^^^
  File "D:\Django\Udemy Django\food menu\myvenv\Lib\site-packages\django\db\utils.py", line 94, in __exit__
    raise dj_exc_value.with_traceback(traceback) from exc_value
  File "D:\Django\Udemy Django\food menu\myvenv\Lib\site-packages\django\db\backends\utils.py", line 105, in _execute
    return self.cursor.execute(sql, params)
           ~~~~~~~~~~~~~~~~~~~^^^^^^^^^^^^^
  File "D:\Django\Udemy Django\food menu\myvenv\Lib\site-packages\psycopg\cursor.py", line 117, in execute
    raise ex.with_traceback(None)
django.db.utils.IntegrityError: insert or update on table "myapp_item" violates foreign key constraint "myapp_item_user_name_id_2bf4de29_fk_auth_user_id"
DETAIL:  Key (user_name_id)=(2) is not present in table "auth_user".
D:\Django\Udemy Django\food menu\food_menu\myapp\views.py changed, reloading.
Watching for file changes with StatReloader
D:\Django\Udemy Django\food menu\food_menu\myapp\views.py changed, reloading.
Watching for file changes with StatReloader
D:\Django\Udemy Django\food menu\food_menu\myapp\views.py changed, reloading.
Watching for file changes with StatReloader
fetching all items from the database
Time [2026-04-30T09:05:03.051946+00:00] User cumar requested item list from 127.0.0.1
Number of items fetched: 5
D:\Django\Udemy Django\food menu\food_menu\myapp\views.py changed, reloading.
Watching for file changes with StatReloader
D:\Django\Udemy Django\food menu\food_menu\myapp\views.py changed, reloading.
Watching for file changes with StatReloader
D:\Django\Udemy Django\food menu\food_menu\myapp\views.py changed, reloading.
Watching for file changes with StatReloader
D:\Django\Udemy Django\food menu\food_menu\myapp\views.py changed, reloading.
Watching for file changes with StatReloader
D:\Django\Udemy Django\food menu\food_menu\myapp\views.py changed, reloading.
Watching for file changes with StatReloader
D:\Django\Udemy Django\food menu\food_menu\myapp\views.py changed, reloading.
Watching for file changes with StatReloader
D:\Django\Udemy Django\food menu\food_menu\myapp\views.py changed, reloading.
Watching for file changes with StatReloader
D:\Django\Udemy Django\food menu\food_menu\myapp\views.py changed, reloading.
Watching for file changes with StatReloader
D:\Django\Udemy Django\food menu\food_menu\myapp\views.py changed, reloading.
Watching for file changes with StatReloader
D:\Django\Udemy Django\food menu\food_menu\myapp\views.py changed, reloading.
Watching for file changes with StatReloader
D:\Django\Udemy Django\food menu\food_menu\myapp\views.py changed, reloading.
Watching for file changes with StatReloader
D:\Django\Udemy Django\food menu\food_menu\myapp\views.py changed, reloading.
Watching for file changes with StatReloader
Watching for file changes with StatReloader
fetching all items from the database
Time [2026-04-30T09:16:09.056616+00:00] User cumar requested item list from 127.0.0.1
Number of items fetched: 5
Not Found: /.well-known/appspecific/com.chrome.devtools.json
fetching all items from the database
Time [2026-04-30T09:17:44.530366+00:00] User cumar requested item list from 127.0.0.1
Number of items fetched: 6
fetching all items from the database
Time [2026-04-30T09:17:48.458312+00:00] User cumar requested item list from 127.0.0.1
Number of items fetched: 6
Fetching item with id: 8
Item fetched: Canjeero ($5.00)
fetching all items from the database
Time [2026-04-30T09:17:53.523595+00:00] User cumar requested item list from 127.0.0.1
Number of items fetched: 5
Watching for file changes with StatReloader
Not Found: /
Not Found: /favicon.ico
fetching all items from the database
Time [2026-05-02T07:20:28.183853+00:00] User cumar requested item list from 127.0.0.1
Number of items fetched: 5
D:\Django\Udemy Django\food menu\food_menu\myapp\views.py changed, reloading.
Watching for file changes with StatReloader
D:\Django\Udemy Django\food menu\food_menu\myapp\views.py changed, reloading.
Watching for file changes with StatReloader
D:\Django\Udemy Django\food menu\food_menu\myapp\views.py changed, reloading.
Watching for file changes with StatReloader
D:\Django\Udemy Django\food menu\food_menu\myapp\views.py changed, reloading.
Watching for file changes with StatReloader
D:\Django\Udemy Django\food menu\food_menu\myapp\views.py changed, reloading.
Watching for file changes with StatReloader
D:\Django\Udemy Django\food menu\food_menu\myapp\views.py changed, reloading.
Watching for file changes with StatReloader
D:\Django\Udemy Django\food menu\food_menu\myapp\views.py changed, reloading.
Watching for file changes with StatReloader
D:\Django\Udemy Django\food menu\food_menu\myapp\views.py changed, reloading.
Watching for file changes with StatReloader
D:\Django\Udemy Django\food menu\food_menu\myapp\views.py changed, reloading.
Watching for file changes with StatReloader
D:\Django\Udemy Django\food menu\food_menu\myapp\views.py changed, reloading.
Watching for file changes with StatReloader
D:\Django\Udemy Django\food menu\food_menu\myapp\views.py changed, reloading.
Watching for file changes with StatReloader
D:\Django\Udemy Django\food menu\food_menu\myapp\views.py changed, reloading.
Watching for file changes with StatReloader
D:\Django\Udemy Django\food menu\food_menu\myapp\views.py changed, reloading.
Watching for file changes with StatReloader
D:\Django\Udemy Django\food menu\food_menu\myapp\views.py changed, reloading.
Watching for file changes with StatReloader
D:\Django\Udemy Django\food menu\food_menu\myapp\views.py changed, reloading.
Watching for file changes with StatReloader
D:\Django\Udemy Django\food menu\food_menu\myapp\views.py changed, reloading.
Watching for file changes with StatReloader
D:\Django\Udemy Django\food menu\food_menu\myapp\views.py changed, reloading.
Watching for file changes with StatReloader
D:\Django\Udemy Django\food menu\food_menu\myapp\views.py changed, reloading.
Watching for file changes with StatReloader
D:\Django\Udemy Django\food menu\food_menu\myapp\views.py changed, reloading.
Watching for file changes with StatReloader
D:\Django\Udemy Django\food menu\food_menu\myapp\views.py changed, reloading.
Watching for file changes with StatReloader
D:\Django\Udemy Django\food menu\food_menu\myapp\views.py changed, reloading.
Watching for file changes with StatReloader
D:\Django\Udemy Django\food menu\food_menu\myapp\urls.py changed, reloading.
Watching for file changes with StatReloader
D:\Django\Udemy Django\food menu\food_menu\myapp\urls.py changed, reloading.
Watching for file changes with StatReloader
D:\Django\Udemy Django\food menu\food_menu\myapp\urls.py changed, reloading.
Watching for file changes with StatReloader
D:\Django\Udemy Django\food menu\food_menu\myapp\urls.py changed, reloading.
Watching for file changes with StatReloader
D:\Django\Udemy Django\food menu\food_menu\myapp\urls.py changed, reloading.
Watching for file changes with StatReloader
D:\Django\Udemy Django\food menu\food_menu\myapp\urls.py changed, reloading.
Watching for file changes with StatReloader
D:\Django\Udemy Django\food menu\food_menu\myapp\urls.py changed, reloading.
Watching for file changes with StatReloader
D:\Django\Udemy Django\food menu\food_menu\myapp\urls.py changed, reloading.
Watching for file changes with StatReloader
D:\Django\Udemy Django\food menu\food_menu\myapp\urls.py changed, reloading.
Watching for file changes with StatReloader
D:\Django\Udemy Django\food menu\food_menu\myapp\urls.py changed, reloading.
Watching for file changes with StatReloader
D:\Django\Udemy Django\food menu\food_menu\myapp\urls.py changed, reloading.
Watching for file changes with StatReloader
D:\Django\Udemy Django\food menu\food_menu\myapp\urls.py changed, reloading.
Watching for file changes with StatReloader
D:\Django\Udemy Django\food menu\food_menu\myapp\urls.py changed, reloading.
Watching for file changes with StatReloader
D:\Django\Udemy Django\food menu\food_menu\myapp\urls.py changed, reloading.
Watching for file changes with StatReloader
D:\Django\Udemy Django\food menu\food_menu\myapp\urls.py changed, reloading.
Watching for file changes with StatReloader
D:\Django\Udemy Django\food menu\food_menu\myapp\urls.py changed, reloading.
Watching for file changes with StatReloader
D:\Django\Udemy Django\food menu\food_menu\myapp\urls.py changed, reloading.
Watching for file changes with StatReloader
D:\Django\Udemy Django\food menu\food_menu\myapp\urls.py changed, reloading.
Watching for file changes with StatReloader
D:\Django\Udemy Django\food menu\food_menu\myapp\urls.py changed, reloading.
Watching for file changes with StatReloader
D:\Django\Udemy Django\food menu\food_menu\myapp\urls.py changed, reloading.
Watching for file changes with StatReloader
D:\Django\Udemy Django\food menu\food_menu\myapp\urls.py changed, reloading.
Watching for file changes with StatReloader
D:\Django\Udemy Django\food menu\food_menu\myapp\urls.py changed, reloading.
Watching for file changes with StatReloader
D:\Django\Udemy Django\food menu\food_menu\myapp\urls.py changed, reloading.
Watching for file changes with StatReloader
D:\Django\Udemy Django\food menu\food_menu\myapp\urls.py changed, reloading.
Watching for file changes with StatReloader
D:\Django\Udemy Django\food menu\food_menu\myapp\urls.py changed, reloading.
Watching for file changes with StatReloader
D:\Django\Udemy Django\food menu\food_menu\myapp\urls.py changed, reloading.
Watching for file changes with StatReloader
D:\Django\Udemy Django\food menu\food_menu\myapp\urls.py changed, reloading.
Watching for file changes with StatReloader
D:\Django\Udemy Django\food menu\food_menu\myapp\urls.py changed, reloading.
Watching for file changes with StatReloader
D:\Django\Udemy Django\food menu\food_menu\myapp\urls.py changed, reloading.
Watching for file changes with StatReloader
D:\Django\Udemy Django\food menu\food_menu\myapp\urls.py changed, reloading.
Watching for file changes with StatReloader
D:\Django\Udemy Django\food menu\food_menu\myapp\views.py changed, reloading.
Watching for file changes with StatReloader
D:\Django\Udemy Django\food menu\food_menu\myapp\views.py changed, reloading.
Watching for file changes with StatReloader
D:\Django\Udemy Django\food menu\food_menu\myapp\views.py changed, reloading.
Watching for file changes with StatReloader
D:\Django\Udemy Django\food menu\food_menu\myapp\views.py changed, reloading.
Watching for file changes with StatReloader
D:\Django\Udemy Django\food menu\food_menu\myapp\views.py changed, reloading.
Watching for file changes with StatReloader
D:\Django\Udemy Django\food menu\food_menu\myapp\views.py changed, reloading.
Watching for file changes with StatReloader
D:\Django\Udemy Django\food menu\food_menu\myapp\views.py changed, reloading.
Watching for file changes with StatReloader
D:\Django\Udemy Django\food menu\food_menu\myapp\views.py changed, reloading.
Watching for file changes with StatReloader
D:\Django\Udemy Django\food menu\food_menu\myapp\views.py changed, reloading.
Watching for file changes with StatReloader
D:\Django\Udemy Django\food menu\food_menu\myapp\views.py changed, reloading.
Watching for file changes with StatReloader
D:\Django\Udemy Django\food menu\food_menu\myapp\views.py changed, reloading.
Watching for file changes with StatReloader
D:\Django\Udemy Django\food menu\food_menu\myapp\views.py changed, reloading.
Watching for file changes with StatReloader
D:\Django\Udemy Django\food menu\food_menu\myapp\views.py changed, reloading.
Watching for file changes with StatReloader
Not Found: /myapp/item_list_json
Internal Server Error: /myapp/items-json/
Traceback (most recent call last):
  File "D:\Django\Udemy Django\food menu\myvenv\Lib\site-packages\django\core\handlers\exception.py", line 55, in inner
    response = get_response(request)
  File "D:\Django\Udemy Django\food menu\myvenv\Lib\site-packages\django\core\handlers\base.py", line 205, in _get_response
    self.check_response(response, callback)
    ~~~~~~~~~~~~~~~~~~~^^^^^^^^^^^^^^^^^^^^
  File "D:\Django\Udemy Django\food menu\myvenv\Lib\site-packages\django\core\handlers\base.py", line 333, in check_response
    raise ValueError(
    ...<2 lines>...
    )
ValueError: The view myapp.views.item_list_json didn't return an HttpResponse object. It returned None instead.
D:\Django\Udemy Django\food menu\food_menu\myapp\views.py changed, reloading.
Watching for file changes with StatReloader
D:\Django\Udemy Django\food menu\food_menu\myapp\views.py changed, reloading.
Watching for file changes with StatReloader
D:\Django\Udemy Django\food menu\food_menu\myapp\views.py changed, reloading.
Watching for file changes with StatReloader
D:\Django\Udemy Django\food menu\food_menu\myapp\views.py changed, reloading.
Watching for file changes with StatReloader
D:\Django\Udemy Django\food menu\food_menu\myapp\views.py changed, reloading.
Watching for file changes with StatReloader
D:\Django\Udemy Django\food menu\food_menu\myapp\views.py changed, reloading.
Watching for file changes with StatReloader
Internal Server Error: /myapp/items-json/
Traceback (most recent call last):
  File "D:\Django\Udemy Django\food menu\myvenv\Lib\site-packages\django\core\handlers\exception.py", line 55, in inner
    response = get_response(request)
  File "D:\Django\Udemy Django\food menu\myvenv\Lib\site-packages\django\core\handlers\base.py", line 198, in _get_response
    response = wrapped_callback(request, *callback_args, **callback_kwargs)
  File "D:\Django\Udemy Django\food menu\food_menu\myapp\views.py", line 26, in item_list_json
    return JsonResponse()
TypeError: JsonResponse.__init__() missing 1 required positional argument: 'data'
D:\Django\Udemy Django\food menu\food_menu\myapp\views.py changed, reloading.
Watching for file changes with StatReloader
D:\Django\Udemy Django\food menu\food_menu\myapp\views.py changed, reloading.
Watching for file changes with StatReloader
D:\Django\Udemy Django\food menu\food_menu\myapp\views.py changed, reloading.
Watching for file changes with StatReloader
D:\Django\Udemy Django\food menu\food_menu\myapp\views.py changed, reloading.
Watching for file changes with StatReloader
D:\Django\Udemy Django\food menu\food_menu\myapp\views.py changed, reloading.
Watching for file changes with StatReloader
D:\Django\Udemy Django\food menu\food_menu\myapp\views.py changed, reloading.
Watching for file changes with StatReloader
D:\Django\Udemy Django\food menu\food_menu\myapp\views.py changed, reloading.
Watching for file changes with StatReloader
D:\Django\Udemy Django\food menu\food_menu\myapp\views.py changed, reloading.
Watching for file changes with StatReloader
D:\Django\Udemy Django\food menu\food_menu\myapp\views.py changed, reloading.
Watching for file changes with StatReloader
D:\Django\Udemy Django\food menu\food_menu\myapp\views.py changed, reloading.
Watching for file changes with StatReloader
D:\Django\Udemy Django\food menu\food_menu\myapp\views.py changed, reloading.
Watching for file changes with StatReloader
D:\Django\Udemy Django\food menu\food_menu\myapp\views.py changed, reloading.
Watching for file changes with StatReloader
D:\Django\Udemy Django\food menu\food_menu\myapp\views.py changed, reloading.
Watching for file changes with StatReloader
D:\Django\Udemy Django\food menu\food_menu\myapp\views.py changed, reloading.
Watching for file changes with StatReloader
D:\Django\Udemy Django\food menu\food_menu\myapp\views.py changed, reloading.
Watching for file changes with StatReloader
D:\Django\Udemy Django\food menu\food_menu\myapp\views.py changed, reloading.
Watching for file changes with StatReloader
D:\Django\Udemy Django\food menu\food_menu\myapp\views.py changed, reloading.
Watching for file changes with StatReloader
D:\Django\Udemy Django\food menu\food_menu\myapp\views.py changed, reloading.
Watching for file changes with StatReloader
D:\Django\Udemy Django\food menu\food_menu\myapp\views.py changed, reloading.
Watching for file changes with StatReloader
D:\Django\Udemy Django\food menu\food_menu\myapp\views.py changed, reloading.
Watching for file changes with StatReloader
D:\Django\Udemy Django\food menu\food_menu\myapp\views.py changed, reloading.
Watching for file changes with StatReloader
D:\Django\Udemy Django\food menu\food_menu\myapp\views.py changed, reloading.
Watching for file changes with StatReloader
D:\Django\Udemy Django\food menu\food_menu\myapp\views.py changed, reloading.
Watching for file changes with StatReloader
D:\Django\Udemy Django\food menu\food_menu\myapp\views.py changed, reloading.
Watching for file changes with StatReloader
Watching for file changes with StatReloader
Internal Server Error: /myapp/items-api/
Traceback (most recent call last):
  File "D:\Django\Udemy Django\food menu\myvenv\Lib\site-packages\django\core\handlers\exception.py", line 55, in inner
    response = get_response(request)
  File "D:\Django\Udemy Django\food menu\myvenv\Lib\site-packages\django\core\handlers\base.py", line 198, in _get_response
    response = wrapped_callback(request, *callback_args, **callback_kwargs)
  File "D:\Django\Udemy Django\food menu\myvenv\Lib\site-packages\django\views\decorators\csrf.py", line 65, in _view_wrapper
    return view_func(request, *args, **kwargs)
  File "D:\Django\Udemy Django\food menu\myvenv\Lib\site-packages\django\views\generic\base.py", line 106, in view
    return self.dispatch(request, *args, **kwargs)
           ~~~~~~~~~~~~~^^^^^^^^^^^^^^^^^^^^^^^^^^
  File "D:\Django\Udemy Django\food menu\myvenv\Lib\site-packages\rest_framework\views.py", line 515, in dispatch
    response = self.handle_exception(exc)
  File "D:\Django\Udemy Django\food menu\myvenv\Lib\site-packages\rest_framework\views.py", line 475, in handle_exception
    self.raise_uncaught_exception(exc)
    ~~~~~~~~~~~~~~~~~~~~~~~~~~~~~^^^^^
  File "D:\Django\Udemy Django\food menu\myvenv\Lib\site-packages\rest_framework\views.py", line 486, in raise_uncaught_exception
    raise exc
  File "D:\Django\Udemy Django\food menu\myvenv\Lib\site-packages\rest_framework\views.py", line 512, in dispatch
    response = handler(request, *args, **kwargs)
  File "D:\Django\Udemy Django\food menu\myvenv\Lib\site-packages\rest_framework\decorators.py", line 50, in handler
    return func(*args, **kwargs)
  File "D:\Django\Udemy Django\food menu\food_menu\myapp\views.py", line 30, in item_list_api
    return JsonResponse(serializer.data)
  File "D:\Django\Udemy Django\food menu\myvenv\Lib\site-packages\django\http\response.py", line 754, in __init__
    raise TypeError(
    ...<2 lines>...
    )
TypeError: In order to allow non-dict objects to be serialized set the safe parameter to False.
Internal Server Error: /myapp/items-api/
Traceback (most recent call last):
  File "D:\Django\Udemy Django\food menu\myvenv\Lib\site-packages\django\core\handlers\exception.py", line 55, in inner
    response = get_response(request)
  File "D:\Django\Udemy Django\food menu\myvenv\Lib\site-packages\django\core\handlers\base.py", line 198, in _get_response
    response = wrapped_callback(request, *callback_args, **callback_kwargs)
  File "D:\Django\Udemy Django\food menu\myvenv\Lib\site-packages\django\views\decorators\csrf.py", line 65, in _view_wrapper
    return view_func(request, *args, **kwargs)
  File "D:\Django\Udemy Django\food menu\myvenv\Lib\site-packages\django\views\generic\base.py", line 106, in view
    return self.dispatch(request, *args, **kwargs)
           ~~~~~~~~~~~~~^^^^^^^^^^^^^^^^^^^^^^^^^^
  File "D:\Django\Udemy Django\food menu\myvenv\Lib\site-packages\rest_framework\views.py", line 515, in dispatch
    response = self.handle_exception(exc)
  File "D:\Django\Udemy Django\food menu\myvenv\Lib\site-packages\rest_framework\views.py", line 475, in handle_exception
    self.raise_uncaught_exception(exc)
    ~~~~~~~~~~~~~~~~~~~~~~~~~~~~~^^^^^
  File "D:\Django\Udemy Django\food menu\myvenv\Lib\site-packages\rest_framework\views.py", line 486, in raise_uncaught_exception
    raise exc
  File "D:\Django\Udemy Django\food menu\myvenv\Lib\site-packages\rest_framework\views.py", line 512, in dispatch
    response = handler(request, *args, **kwargs)
  File "D:\Django\Udemy Django\food menu\myvenv\Lib\site-packages\rest_framework\decorators.py", line 50, in handler
    return func(*args, **kwargs)
  File "D:\Django\Udemy Django\food menu\food_menu\myapp\views.py", line 30, in item_list_api
    return JsonResponse(serializer.data)
  File "D:\Django\Udemy Django\food menu\myvenv\Lib\site-packages\django\http\response.py", line 754, in __init__
    raise TypeError(
    ...<2 lines>...
    )
TypeError: In order to allow non-dict objects to be serialized set the safe parameter to False.
D:\Django\Udemy Django\food menu\food_menu\myapp\views.py changed, reloading.
Watching for file changes with StatReloader
D:\Django\Udemy Django\food menu\food_menu\myapp\views.py changed, reloading.
Watching for file changes with StatReloader
D:\Django\Udemy Django\food menu\food_menu\myapp\views.py changed, reloading.
Watching for file changes with StatReloader
D:\Django\Udemy Django\food menu\food_menu\myapp\views.py changed, reloading.
Watching for file changes with StatReloader
D:\Django\Udemy Django\food menu\food_menu\myapp\views.py changed, reloading.
Watching for file changes with StatReloader
Internal Server Error: /myapp/items-api/
Traceback (most recent call last):
  File "D:\Django\Udemy Django\food menu\myvenv\Lib\site-packages\django\core\handlers\exception.py", line 55, in inner
    response = get_response(request)
  File "D:\Django\Udemy Django\food menu\myvenv\Lib\site-packages\django\core\handlers\base.py", line 198, in _get_response
    response = wrapped_callback(request, *callback_args, **callback_kwargs)
  File "D:\Django\Udemy Django\food menu\myvenv\Lib\site-packages\django\views\decorators\csrf.py", line 65, in _view_wrapper
    return view_func(request, *args, **kwargs)
  File "D:\Django\Udemy Django\food menu\myvenv\Lib\site-packages\django\views\generic\base.py", line 106, in view
    return self.dispatch(request, *args, **kwargs)
           ~~~~~~~~~~~~~^^^^^^^^^^^^^^^^^^^^^^^^^^
  File "D:\Django\Udemy Django\food menu\myvenv\Lib\site-packages\rest_framework\views.py", line 515, in dispatch
    response = self.handle_exception(exc)
  File "D:\Django\Udemy Django\food menu\myvenv\Lib\site-packages\rest_framework\views.py", line 475, in handle_exception
    self.raise_uncaught_exception(exc)
    ~~~~~~~~~~~~~~~~~~~~~~~~~~~~~^^^^^
  File "D:\Django\Udemy Django\food menu\myvenv\Lib\site-packages\rest_framework\views.py", line 486, in raise_uncaught_exception
    raise exc
  File "D:\Django\Udemy Django\food menu\myvenv\Lib\site-packages\rest_framework\views.py", line 512, in dispatch
    response = handler(request, *args, **kwargs)
  File "D:\Django\Udemy Django\food menu\myvenv\Lib\site-packages\rest_framework\decorators.py", line 50, in handler
    return func(*args, **kwargs)
  File "D:\Django\Udemy Django\food menu\food_menu\myapp\views.py", line 31, in item_list_api
    return Response(serializer.data, safe=False)
TypeError: Response.__init__() got an unexpected keyword argument 'safe'
Internal Server Error: /myapp/items-api/
Traceback (most recent call last):
  File "D:\Django\Udemy Django\food menu\myvenv\Lib\site-packages\django\core\handlers\exception.py", line 55, in inner
    response = get_response(request)
  File "D:\Django\Udemy Django\food menu\myvenv\Lib\site-packages\django\core\handlers\base.py", line 198, in _get_response
    response = wrapped_callback(request, *callback_args, **callback_kwargs)
  File "D:\Django\Udemy Django\food menu\myvenv\Lib\site-packages\django\views\decorators\csrf.py", line 65, in _view_wrapper
    return view_func(request, *args, **kwargs)
  File "D:\Django\Udemy Django\food menu\myvenv\Lib\site-packages\django\views\generic\base.py", line 106, in view
    return self.dispatch(request, *args, **kwargs)
           ~~~~~~~~~~~~~^^^^^^^^^^^^^^^^^^^^^^^^^^
  File "D:\Django\Udemy Django\food menu\myvenv\Lib\site-packages\rest_framework\views.py", line 515, in dispatch
    response = self.handle_exception(exc)
  File "D:\Django\Udemy Django\food menu\myvenv\Lib\site-packages\rest_framework\views.py", line 475, in handle_exception
    self.raise_uncaught_exception(exc)
    ~~~~~~~~~~~~~~~~~~~~~~~~~~~~~^^^^^
  File "D:\Django\Udemy Django\food menu\myvenv\Lib\site-packages\rest_framework\views.py", line 486, in raise_uncaught_exception
    raise exc
  File "D:\Django\Udemy Django\food menu\myvenv\Lib\site-packages\rest_framework\views.py", line 512, in dispatch
    response = handler(request, *args, **kwargs)
  File "D:\Django\Udemy Django\food menu\myvenv\Lib\site-packages\rest_framework\decorators.py", line 50, in handler
    return func(*args, **kwargs)
  File "D:\Django\Udemy Django\food menu\food_menu\myapp\views.py", line 31, in item_list_api
    return Response(serializer.data, safe=False)
TypeError: Response.__init__() got an unexpected keyword argument 'safe'
D:\Django\Udemy Django\food menu\food_menu\myapp\views.py changed, reloading.
Watching for file changes with StatReloader
D:\Django\Udemy Django\food menu\food_menu\myapp\views.py changed, reloading.
Watching for file changes with StatReloader
